<?xml version="1.0" encoding="UTF-8"?>
<testng-results ignored="0" total="1" passed="1" failed="0" skipped="0">
  <reporter-output>
  </reporter-output>
  <suite started-at="2024-03-06T13:21:55 IST" name="Default suite" finished-at="2024-03-06T13:21:55 IST" duration-ms="102">
    <groups>
    </groups>
    <test started-at="2024-03-06T13:21:55 IST" name="Default test" finished-at="2024-03-06T13:21:55 IST" duration-ms="102">
      <class name="com.Maven.Git.CreateTest">
        <test-method signature="createTest()[pri:0, instance:com.Maven.Git.CreateTest@742ff096]" started-at="2024-03-06T13:21:55 IST" name="createTest" finished-at="2024-03-06T13:21:55 IST" duration-ms="26" status="PASS">
          <reporter-output>
          </reporter-output>
        </test-method> <!-- createTest -->
      </class> <!-- com.Maven.Git.CreateTest -->
    </test> <!-- Default test -->
  </suite> <!-- Default suite -->
</testng-results>
